2025-11-19 00:06:54,334 - 🚀 Start Final Training... Device: cuda, Batch Size: 64
2025-11-19 00:06:56,867 - Train Epoch: 1 [100/938 (11%)]	Loss: 0.296256
2025-11-19 00:06:58,273 - Train Epoch: 1 [200/938 (21%)]	Loss: 0.173117
2025-11-19 00:06:59,677 - Train Epoch: 1 [300/938 (32%)]	Loss: 0.075038
2025-11-19 00:07:01,153 - Train Epoch: 1 [400/938 (43%)]	Loss: 0.092915
2025-11-19 00:07:02,964 - Train Epoch: 1 [500/938 (53%)]	Loss: 0.179441
2025-11-19 00:07:04,851 - Train Epoch: 1 [600/938 (64%)]	Loss: 0.008707
2025-11-19 00:07:06,670 - Train Epoch: 1 [700/938 (75%)]	Loss: 0.016362
2025-11-19 00:07:08,489 - Train Epoch: 1 [800/938 (85%)]	Loss: 0.032243
2025-11-19 00:07:10,330 - Train Epoch: 1 [900/938 (96%)]	Loss: 0.098367
2025-11-19 00:07:13,404 - 
🔴 [Test set] Average loss: 0.0528, Accuracy: 9828/10000 (98.28%)

2025-11-19 00:07:13,411 - 💾 Model Saved! (Accuracy improved: 98.28%)
2025-11-19 00:07:15,284 - Train Epoch: 2 [100/938 (11%)]	Loss: 0.036454
2025-11-19 00:07:17,092 - Train Epoch: 2 [200/938 (21%)]	Loss: 0.055815
2025-11-19 00:07:18,921 - Train Epoch: 2 [300/938 (32%)]	Loss: 0.057502
2025-11-19 00:07:20,771 - Train Epoch: 2 [400/938 (43%)]	Loss: 0.071698
2025-11-19 00:07:22,518 - Train Epoch: 2 [500/938 (53%)]	Loss: 0.071091
2025-11-19 00:07:24,303 - Train Epoch: 2 [600/938 (64%)]	Loss: 0.047459
2025-11-19 00:07:26,079 - Train Epoch: 2 [700/938 (75%)]	Loss: 0.005999
2025-11-19 00:07:27,842 - Train Epoch: 2 [800/938 (85%)]	Loss: 0.010334
2025-11-19 00:07:29,683 - Train Epoch: 2 [900/938 (96%)]	Loss: 0.085616
2025-11-19 00:07:32,453 - 
🔴 [Test set] Average loss: 0.0414, Accuracy: 9870/10000 (98.70%)

2025-11-19 00:07:32,457 - 💾 Model Saved! (Accuracy improved: 98.70%)
2025-11-19 00:07:34,309 - Train Epoch: 3 [100/938 (11%)]	Loss: 0.014359
2025-11-19 00:07:36,141 - Train Epoch: 3 [200/938 (21%)]	Loss: 0.005406
2025-11-19 00:07:37,900 - Train Epoch: 3 [300/938 (32%)]	Loss: 0.011816
2025-11-19 00:07:39,736 - Train Epoch: 3 [400/938 (43%)]	Loss: 0.055207
2025-11-19 00:07:41,495 - Train Epoch: 3 [500/938 (53%)]	Loss: 0.060984
2025-11-19 00:07:43,314 - Train Epoch: 3 [600/938 (64%)]	Loss: 0.007400
2025-11-19 00:07:45,139 - Train Epoch: 3 [700/938 (75%)]	Loss: 0.007639
2025-11-19 00:07:46,899 - Train Epoch: 3 [800/938 (85%)]	Loss: 0.002190
2025-11-19 00:07:48,736 - Train Epoch: 3 [900/938 (96%)]	Loss: 0.012542
2025-11-19 00:07:51,635 - 
🔴 [Test set] Average loss: 0.0395, Accuracy: 9868/10000 (98.68%)

2025-11-19 00:07:53,509 - Train Epoch: 4 [100/938 (11%)]	Loss: 0.012386
2025-11-19 00:07:55,328 - Train Epoch: 4 [200/938 (21%)]	Loss: 0.014837
2025-11-19 00:07:57,157 - Train Epoch: 4 [300/938 (32%)]	Loss: 0.017895
2025-11-19 00:07:58,951 - Train Epoch: 4 [400/938 (43%)]	Loss: 0.034133
2025-11-19 00:08:00,782 - Train Epoch: 4 [500/938 (53%)]	Loss: 0.001440
2025-11-19 00:08:02,541 - Train Epoch: 4 [600/938 (64%)]	Loss: 0.011258
2025-11-19 00:08:04,376 - Train Epoch: 4 [700/938 (75%)]	Loss: 0.034780
2025-11-19 00:08:06,240 - Train Epoch: 4 [800/938 (85%)]	Loss: 0.017584
2025-11-19 00:08:08,016 - Train Epoch: 4 [900/938 (96%)]	Loss: 0.045647
2025-11-19 00:08:10,754 - 
🔴 [Test set] Average loss: 0.0349, Accuracy: 9880/10000 (98.80%)

2025-11-19 00:08:10,757 - 💾 Model Saved! (Accuracy improved: 98.80%)
2025-11-19 00:08:12,639 - Train Epoch: 5 [100/938 (11%)]	Loss: 0.038015
2025-11-19 00:08:14,483 - Train Epoch: 5 [200/938 (21%)]	Loss: 0.019966
2025-11-19 00:08:16,260 - Train Epoch: 5 [300/938 (32%)]	Loss: 0.006221
2025-11-19 00:08:18,047 - Train Epoch: 5 [400/938 (43%)]	Loss: 0.000932
2025-11-19 00:08:19,828 - Train Epoch: 5 [500/938 (53%)]	Loss: 0.003482
2025-11-19 00:08:21,654 - Train Epoch: 5 [600/938 (64%)]	Loss: 0.001406
2025-11-19 00:08:23,449 - Train Epoch: 5 [700/938 (75%)]	Loss: 0.046689
2025-11-19 00:08:25,228 - Train Epoch: 5 [800/938 (85%)]	Loss: 0.040196
2025-11-19 00:08:27,057 - Train Epoch: 5 [900/938 (96%)]	Loss: 0.003260
2025-11-19 00:08:29,837 - 
🔴 [Test set] Average loss: 0.0282, Accuracy: 9905/10000 (99.05%)

2025-11-19 00:08:29,841 - 💾 Model Saved! (Accuracy improved: 99.05%)
2025-11-19 00:08:29,842 - ✨ Training Finished in 95.51s. Best Accuracy: 99.05%
2025-11-19 00:29:21,031 - 🚀 Start Final Training... Device: cuda, Batch Size: 64
2025-11-19 00:29:22,960 - Train Epoch: 1 [100/938 (11%)]	Loss: 0.259382
2025-11-19 00:29:24,790 - Train Epoch: 1 [200/938 (21%)]	Loss: 0.098440
2025-11-19 00:29:26,595 - Train Epoch: 1 [300/938 (32%)]	Loss: 0.068276
2025-11-19 00:29:28,373 - Train Epoch: 1 [400/938 (43%)]	Loss: 0.098006
2025-11-19 00:29:37,020 - 🚀 Start Final Training... Device: cuda, Batch Size: 16
2025-11-19 00:29:38,107 - Train Epoch: 1 [100/3750 (3%)]	Loss: 0.476433
2025-11-19 00:29:39,103 - Train Epoch: 1 [200/3750 (5%)]	Loss: 0.210223
2025-11-19 00:29:40,130 - Train Epoch: 1 [300/3750 (8%)]	Loss: 0.058008
2025-11-19 00:29:41,112 - Train Epoch: 1 [400/3750 (11%)]	Loss: 0.779857
2025-11-19 00:29:42,087 - Train Epoch: 1 [500/3750 (13%)]	Loss: 0.043697
2025-11-19 00:29:43,043 - Train Epoch: 1 [600/3750 (16%)]	Loss: 0.044075
2025-11-19 00:29:44,002 - Train Epoch: 1 [700/3750 (19%)]	Loss: 0.043600
2025-11-19 00:29:45,001 - Train Epoch: 1 [800/3750 (21%)]	Loss: 0.017969
2025-11-19 00:29:46,065 - Train Epoch: 1 [900/3750 (24%)]	Loss: 0.038849
2025-11-19 00:29:47,108 - Train Epoch: 1 [1000/3750 (27%)]	Loss: 0.001216
2025-11-19 00:29:48,191 - Train Epoch: 1 [1100/3750 (29%)]	Loss: 0.411520
2025-11-19 00:29:49,385 - Train Epoch: 1 [1200/3750 (32%)]	Loss: 0.042990
2025-11-19 00:29:50,538 - Train Epoch: 1 [1300/3750 (35%)]	Loss: 0.084640
2025-11-19 00:29:51,622 - Train Epoch: 1 [1400/3750 (37%)]	Loss: 0.180290
2025-11-19 00:29:52,699 - Train Epoch: 1 [1500/3750 (40%)]	Loss: 0.000644
2025-11-19 00:29:53,679 - Train Epoch: 1 [1600/3750 (43%)]	Loss: 0.066434
2025-11-19 00:29:54,802 - Train Epoch: 1 [1700/3750 (45%)]	Loss: 0.004441
2025-11-19 00:29:55,802 - Train Epoch: 1 [1800/3750 (48%)]	Loss: 0.021180
2025-11-19 00:29:56,674 - Train Epoch: 1 [1900/3750 (51%)]	Loss: 0.048255
2025-11-19 00:29:57,516 - Train Epoch: 1 [2000/3750 (53%)]	Loss: 0.177074
2025-11-19 00:29:58,416 - Train Epoch: 1 [2100/3750 (56%)]	Loss: 0.639316
2025-11-19 00:29:59,368 - Train Epoch: 1 [2200/3750 (59%)]	Loss: 0.094082
2025-11-19 00:30:00,311 - Train Epoch: 1 [2300/3750 (61%)]	Loss: 0.003641
2025-11-19 00:30:01,313 - Train Epoch: 1 [2400/3750 (64%)]	Loss: 0.037408
2025-11-19 00:30:02,323 - Train Epoch: 1 [2500/3750 (67%)]	Loss: 0.309046
2025-11-19 00:30:03,365 - Train Epoch: 1 [2600/3750 (69%)]	Loss: 0.053479
2025-11-19 00:30:04,373 - Train Epoch: 1 [2700/3750 (72%)]	Loss: 0.010911
2025-11-19 00:30:05,421 - Train Epoch: 1 [2800/3750 (75%)]	Loss: 0.002257
2025-11-19 00:30:06,418 - Train Epoch: 1 [2900/3750 (77%)]	Loss: 0.020809
2025-11-19 00:30:07,434 - Train Epoch: 1 [3000/3750 (80%)]	Loss: 0.145410
2025-11-19 00:30:08,441 - Train Epoch: 1 [3100/3750 (83%)]	Loss: 0.020940
2025-11-19 00:30:09,445 - Train Epoch: 1 [3200/3750 (85%)]	Loss: 0.130034
2025-11-19 00:30:10,502 - Train Epoch: 1 [3300/3750 (88%)]	Loss: 0.019573
2025-11-19 00:30:11,513 - Train Epoch: 1 [3400/3750 (91%)]	Loss: 0.014644
2025-11-19 00:30:12,581 - Train Epoch: 1 [3500/3750 (93%)]	Loss: 0.012377
2025-11-19 00:30:13,628 - Train Epoch: 1 [3600/3750 (96%)]	Loss: 0.009919
2025-11-19 00:30:14,658 - Train Epoch: 1 [3700/3750 (99%)]	Loss: 0.008962
2025-11-19 00:30:18,552 - 
🔴 [Test set] Average loss: 0.0446, Accuracy: 9856/10000 (98.56%)

2025-11-19 00:30:18,557 - 💾 Model Saved! (Accuracy improved: 98.56%)
2025-11-19 00:30:19,638 - Train Epoch: 2 [100/3750 (3%)]	Loss: 0.009806
2025-11-19 00:30:20,725 - Train Epoch: 2 [200/3750 (5%)]	Loss: 0.009696
2025-11-19 00:30:21,856 - Train Epoch: 2 [300/3750 (8%)]	Loss: 0.006834
2025-11-19 00:30:22,937 - Train Epoch: 2 [400/3750 (11%)]	Loss: 0.020704
2025-11-19 00:30:24,015 - Train Epoch: 2 [500/3750 (13%)]	Loss: 0.077952
2025-11-19 00:30:25,010 - Train Epoch: 2 [600/3750 (16%)]	Loss: 0.053598
2025-11-19 00:30:26,005 - Train Epoch: 2 [700/3750 (19%)]	Loss: 0.001583
2025-11-19 00:30:26,979 - Train Epoch: 2 [800/3750 (21%)]	Loss: 0.108001
2025-11-19 00:30:27,980 - Train Epoch: 2 [900/3750 (24%)]	Loss: 0.002447
2025-11-19 00:30:28,930 - Train Epoch: 2 [1000/3750 (27%)]	Loss: 0.574971
2025-11-19 00:30:29,843 - Train Epoch: 2 [1100/3750 (29%)]	Loss: 0.022761
2025-11-19 00:30:30,714 - Train Epoch: 2 [1200/3750 (32%)]	Loss: 0.000493
2025-11-19 00:30:31,704 - Train Epoch: 2 [1300/3750 (35%)]	Loss: 0.073693
2025-11-19 00:30:32,692 - Train Epoch: 2 [1400/3750 (37%)]	Loss: 0.071340
2025-11-19 00:30:33,672 - Train Epoch: 2 [1500/3750 (40%)]	Loss: 0.025666
2025-11-19 00:30:34,656 - Train Epoch: 2 [1600/3750 (43%)]	Loss: 0.013003
2025-11-19 00:30:35,649 - Train Epoch: 2 [1700/3750 (45%)]	Loss: 0.044386
2025-11-19 00:30:36,641 - Train Epoch: 2 [1800/3750 (48%)]	Loss: 0.028107
2025-11-19 00:30:37,615 - Train Epoch: 2 [1900/3750 (51%)]	Loss: 0.038562
2025-11-19 00:30:38,575 - Train Epoch: 2 [2000/3750 (53%)]	Loss: 0.003137
2025-11-19 00:30:39,573 - Train Epoch: 2 [2100/3750 (56%)]	Loss: 0.025462
2025-11-19 00:30:40,587 - Train Epoch: 2 [2200/3750 (59%)]	Loss: 0.000725
2025-11-19 00:30:41,581 - Train Epoch: 2 [2300/3750 (61%)]	Loss: 0.028420
2025-11-19 00:30:42,563 - Train Epoch: 2 [2400/3750 (64%)]	Loss: 0.223903
2025-11-19 00:30:43,566 - Train Epoch: 2 [2500/3750 (67%)]	Loss: 0.002986
2025-11-19 00:30:44,551 - Train Epoch: 2 [2600/3750 (69%)]	Loss: 0.000898
2025-11-19 00:30:45,529 - Train Epoch: 2 [2700/3750 (72%)]	Loss: 0.001378
2025-11-19 00:30:46,495 - Train Epoch: 2 [2800/3750 (75%)]	Loss: 0.010023
2025-11-19 00:30:47,496 - Train Epoch: 2 [2900/3750 (77%)]	Loss: 0.010410
2025-11-19 00:30:48,473 - Train Epoch: 2 [3000/3750 (80%)]	Loss: 0.016957
2025-11-19 00:30:49,456 - Train Epoch: 2 [3100/3750 (83%)]	Loss: 0.004344
2025-11-19 00:30:50,438 - Train Epoch: 2 [3200/3750 (85%)]	Loss: 0.011666
2025-11-19 00:30:51,458 - Train Epoch: 2 [3300/3750 (88%)]	Loss: 0.000361
2025-11-19 00:30:52,427 - Train Epoch: 2 [3400/3750 (91%)]	Loss: 0.008767
2025-11-19 00:30:53,408 - Train Epoch: 2 [3500/3750 (93%)]	Loss: 0.002536
2025-11-19 00:30:54,386 - Train Epoch: 2 [3600/3750 (96%)]	Loss: 0.004390
2025-11-19 00:30:55,378 - Train Epoch: 2 [3700/3750 (99%)]	Loss: 0.000532
2025-11-19 00:30:58,844 - 
🔴 [Test set] Average loss: 0.0368, Accuracy: 9874/10000 (98.74%)

2025-11-19 00:30:58,849 - 💾 Model Saved! (Accuracy improved: 98.74%)
2025-11-19 00:30:59,916 - Train Epoch: 3 [100/3750 (3%)]	Loss: 0.000303
2025-11-19 00:31:00,894 - Train Epoch: 3 [200/3750 (5%)]	Loss: 0.006118
2025-11-19 00:31:01,888 - Train Epoch: 3 [300/3750 (8%)]	Loss: 0.001627
2025-11-19 00:31:02,868 - Train Epoch: 3 [400/3750 (11%)]	Loss: 0.354656
2025-11-19 00:31:03,846 - Train Epoch: 3 [500/3750 (13%)]	Loss: 0.091031
2025-11-19 00:31:04,854 - Train Epoch: 3 [600/3750 (16%)]	Loss: 0.000650
2025-11-19 00:31:05,827 - Train Epoch: 3 [700/3750 (19%)]	Loss: 0.165808
2025-11-19 00:31:06,837 - Train Epoch: 3 [800/3750 (21%)]	Loss: 0.003756
2025-11-19 00:31:07,815 - Train Epoch: 3 [900/3750 (24%)]	Loss: 0.004460
2025-11-19 00:31:08,809 - Train Epoch: 3 [1000/3750 (27%)]	Loss: 0.082793
2025-11-19 00:31:09,802 - Train Epoch: 3 [1100/3750 (29%)]	Loss: 0.003472
2025-11-19 00:31:10,798 - Train Epoch: 3 [1200/3750 (32%)]	Loss: 0.004705
2025-11-19 00:31:11,812 - Train Epoch: 3 [1300/3750 (35%)]	Loss: 0.000859
2025-11-19 00:31:12,826 - Train Epoch: 3 [1400/3750 (37%)]	Loss: 0.001893
2025-11-19 00:31:13,818 - Train Epoch: 3 [1500/3750 (40%)]	Loss: 0.003241
2025-11-19 00:31:14,806 - Train Epoch: 3 [1600/3750 (43%)]	Loss: 0.000405
2025-11-19 00:31:15,822 - Train Epoch: 3 [1700/3750 (45%)]	Loss: 0.018715
2025-11-19 00:31:16,830 - Train Epoch: 3 [1800/3750 (48%)]	Loss: 0.009108
2025-11-19 00:31:17,833 - Train Epoch: 3 [1900/3750 (51%)]	Loss: 0.088645
2025-11-19 00:31:18,804 - Train Epoch: 3 [2000/3750 (53%)]	Loss: 0.000090
2025-11-19 00:31:19,819 - Train Epoch: 3 [2100/3750 (56%)]	Loss: 0.001252
2025-11-19 00:31:20,799 - Train Epoch: 3 [2200/3750 (59%)]	Loss: 0.001984
2025-11-19 00:31:21,790 - Train Epoch: 3 [2300/3750 (61%)]	Loss: 0.000206
2025-11-19 00:31:22,788 - Train Epoch: 3 [2400/3750 (64%)]	Loss: 0.002672
2025-11-19 00:31:23,804 - Train Epoch: 3 [2500/3750 (67%)]	Loss: 0.007928
2025-11-19 00:31:24,812 - Train Epoch: 3 [2600/3750 (69%)]	Loss: 0.000194
2025-11-19 00:31:25,798 - Train Epoch: 3 [2700/3750 (72%)]	Loss: 0.074624
2025-11-19 00:31:26,789 - Train Epoch: 3 [2800/3750 (75%)]	Loss: 0.003800
2025-11-19 00:31:27,778 - Train Epoch: 3 [2900/3750 (77%)]	Loss: 0.003480
2025-11-19 00:31:28,764 - Train Epoch: 3 [3000/3750 (80%)]	Loss: 0.000096
2025-11-19 00:31:29,748 - Train Epoch: 3 [3100/3750 (83%)]	Loss: 0.016017
2025-11-19 00:31:30,745 - Train Epoch: 3 [3200/3750 (85%)]	Loss: 0.007270
2025-11-19 00:31:31,740 - Train Epoch: 3 [3300/3750 (88%)]	Loss: 0.206593
2025-11-19 00:31:32,715 - Train Epoch: 3 [3400/3750 (91%)]	Loss: 0.000556
2025-11-19 00:31:33,702 - Train Epoch: 3 [3500/3750 (93%)]	Loss: 0.191383
2025-11-19 00:31:34,713 - Train Epoch: 3 [3600/3750 (96%)]	Loss: 0.011193
2025-11-19 00:31:35,709 - Train Epoch: 3 [3700/3750 (99%)]	Loss: 0.065087
2025-11-19 00:31:39,231 - 
🔴 [Test set] Average loss: 0.0363, Accuracy: 9891/10000 (98.91%)

2025-11-19 00:31:39,236 - 💾 Model Saved! (Accuracy improved: 98.91%)
2025-11-19 00:31:40,282 - Train Epoch: 4 [100/3750 (3%)]	Loss: 0.003707
2025-11-19 00:31:41,318 - Train Epoch: 4 [200/3750 (5%)]	Loss: 0.000070
2025-11-19 00:31:42,334 - Train Epoch: 4 [300/3750 (8%)]	Loss: 0.000215
2025-11-19 00:31:43,331 - Train Epoch: 4 [400/3750 (11%)]	Loss: 0.000090
2025-11-19 00:31:44,331 - Train Epoch: 4 [500/3750 (13%)]	Loss: 0.001619
2025-11-19 00:31:45,359 - Train Epoch: 4 [600/3750 (16%)]	Loss: 0.000045
2025-11-19 00:31:46,374 - Train Epoch: 4 [700/3750 (19%)]	Loss: 0.009649
2025-11-19 00:31:47,390 - Train Epoch: 4 [800/3750 (21%)]	Loss: 0.000692
2025-11-19 00:31:48,396 - Train Epoch: 4 [900/3750 (24%)]	Loss: 0.000560
2025-11-19 00:31:49,411 - Train Epoch: 4 [1000/3750 (27%)]	Loss: 0.010101
2025-11-19 00:31:50,417 - Train Epoch: 4 [1100/3750 (29%)]	Loss: 0.260467
2025-11-19 00:31:51,430 - Train Epoch: 4 [1200/3750 (32%)]	Loss: 0.000356
2025-11-19 00:31:52,426 - Train Epoch: 4 [1300/3750 (35%)]	Loss: 0.000095
2025-11-19 00:31:53,444 - Train Epoch: 4 [1400/3750 (37%)]	Loss: 0.000764
2025-11-19 00:31:54,424 - Train Epoch: 4 [1500/3750 (40%)]	Loss: 0.066114
2025-11-19 00:31:55,412 - Train Epoch: 4 [1600/3750 (43%)]	Loss: 0.000871
2025-11-19 00:31:56,397 - Train Epoch: 4 [1700/3750 (45%)]	Loss: 0.067841
2025-11-19 00:31:57,408 - Train Epoch: 4 [1800/3750 (48%)]	Loss: 0.000760
2025-11-19 00:31:58,374 - Train Epoch: 4 [1900/3750 (51%)]	Loss: 0.001402
2025-11-19 00:31:59,352 - Train Epoch: 4 [2000/3750 (53%)]	Loss: 0.000514
2025-11-19 00:32:00,355 - Train Epoch: 4 [2100/3750 (56%)]	Loss: 0.003870
2025-11-19 00:32:01,365 - Train Epoch: 4 [2200/3750 (59%)]	Loss: 0.000289
2025-11-19 00:32:02,340 - Train Epoch: 4 [2300/3750 (61%)]	Loss: 0.014828
2025-11-19 00:32:03,320 - Train Epoch: 4 [2400/3750 (64%)]	Loss: 0.001368
2025-11-19 00:32:04,315 - Train Epoch: 4 [2500/3750 (67%)]	Loss: 0.004038
2025-11-19 00:32:05,314 - Train Epoch: 4 [2600/3750 (69%)]	Loss: 0.000181
2025-11-19 00:32:06,292 - Train Epoch: 4 [2700/3750 (72%)]	Loss: 0.000261
2025-11-19 00:32:07,268 - Train Epoch: 4 [2800/3750 (75%)]	Loss: 0.003031
2025-11-19 00:32:08,246 - Train Epoch: 4 [2900/3750 (77%)]	Loss: 0.256502
2025-11-19 00:32:09,233 - Train Epoch: 4 [3000/3750 (80%)]	Loss: 0.000553
2025-11-19 00:32:10,193 - Train Epoch: 4 [3100/3750 (83%)]	Loss: 0.000468
2025-11-19 00:32:11,178 - Train Epoch: 4 [3200/3750 (85%)]	Loss: 0.000307
2025-11-19 00:32:12,152 - Train Epoch: 4 [3300/3750 (88%)]	Loss: 0.000241
2025-11-19 00:32:13,151 - Train Epoch: 4 [3400/3750 (91%)]	Loss: 0.001997
2025-11-19 00:32:14,134 - Train Epoch: 4 [3500/3750 (93%)]	Loss: 0.020550
2025-11-19 00:32:15,141 - Train Epoch: 4 [3600/3750 (96%)]	Loss: 0.006236
2025-11-19 00:32:16,192 - Train Epoch: 4 [3700/3750 (99%)]	Loss: 0.000145
2025-11-19 00:32:19,755 - 
🔴 [Test set] Average loss: 0.0329, Accuracy: 9893/10000 (98.93%)

2025-11-19 00:32:19,760 - 💾 Model Saved! (Accuracy improved: 98.93%)
2025-11-19 00:32:20,791 - Train Epoch: 5 [100/3750 (3%)]	Loss: 0.000005
2025-11-19 00:32:21,774 - Train Epoch: 5 [200/3750 (5%)]	Loss: 0.003607
2025-11-19 00:32:22,710 - Train Epoch: 5 [300/3750 (8%)]	Loss: 0.000015
2025-11-19 00:32:23,608 - Train Epoch: 5 [400/3750 (11%)]	Loss: 0.000022
2025-11-19 00:32:24,495 - Train Epoch: 5 [500/3750 (13%)]	Loss: 0.000112
2025-11-19 00:32:25,477 - Train Epoch: 5 [600/3750 (16%)]	Loss: 0.000055
2025-11-19 00:32:26,472 - Train Epoch: 5 [700/3750 (19%)]	Loss: 0.002738
2025-11-19 00:32:27,486 - Train Epoch: 5 [800/3750 (21%)]	Loss: 0.004068
2025-11-19 00:32:28,491 - Train Epoch: 5 [900/3750 (24%)]	Loss: 0.026744
2025-11-19 00:32:29,508 - Train Epoch: 5 [1000/3750 (27%)]	Loss: 0.001699
2025-11-19 00:32:30,550 - Train Epoch: 5 [1100/3750 (29%)]	Loss: 0.003099
2025-11-19 00:32:31,578 - Train Epoch: 5 [1200/3750 (32%)]	Loss: 0.013492
2025-11-19 00:32:32,586 - Train Epoch: 5 [1300/3750 (35%)]	Loss: 0.000608
2025-11-19 00:32:33,577 - Train Epoch: 5 [1400/3750 (37%)]	Loss: 0.000190
2025-11-19 00:32:34,565 - Train Epoch: 5 [1500/3750 (40%)]	Loss: 0.000680
2025-11-19 00:32:35,587 - Train Epoch: 5 [1600/3750 (43%)]	Loss: 0.000068
2025-11-19 00:32:36,598 - Train Epoch: 5 [1700/3750 (45%)]	Loss: 0.000392
2025-11-19 00:32:37,609 - Train Epoch: 5 [1800/3750 (48%)]	Loss: 0.010977
2025-11-19 00:32:38,626 - Train Epoch: 5 [1900/3750 (51%)]	Loss: 0.035547
2025-11-19 00:32:39,628 - Train Epoch: 5 [2000/3750 (53%)]	Loss: 0.026541
2025-11-19 00:32:40,625 - Train Epoch: 5 [2100/3750 (56%)]	Loss: 0.006047
2025-11-19 00:32:41,624 - Train Epoch: 5 [2200/3750 (59%)]	Loss: 0.013470
2025-11-19 00:32:42,655 - Train Epoch: 5 [2300/3750 (61%)]	Loss: 0.000004
2025-11-19 00:32:43,678 - Train Epoch: 5 [2400/3750 (64%)]	Loss: 0.057441
2025-11-19 00:32:44,688 - Train Epoch: 5 [2500/3750 (67%)]	Loss: 0.000345
2025-11-19 00:32:45,758 - Train Epoch: 5 [2600/3750 (69%)]	Loss: 0.004281
2025-11-19 00:32:46,794 - Train Epoch: 5 [2700/3750 (72%)]	Loss: 0.000244
2025-11-19 00:32:47,811 - Train Epoch: 5 [2800/3750 (75%)]	Loss: 0.110862
2025-11-19 00:32:48,818 - Train Epoch: 5 [2900/3750 (77%)]	Loss: 0.000756
2025-11-19 00:32:49,812 - Train Epoch: 5 [3000/3750 (80%)]	Loss: 0.000840
2025-11-19 00:32:50,849 - Train Epoch: 5 [3100/3750 (83%)]	Loss: 0.000006
2025-11-19 00:32:51,844 - Train Epoch: 5 [3200/3750 (85%)]	Loss: 0.001041
2025-11-19 00:32:52,850 - Train Epoch: 5 [3300/3750 (88%)]	Loss: 0.000490
2025-11-19 00:32:53,860 - Train Epoch: 5 [3400/3750 (91%)]	Loss: 0.011091
2025-11-19 00:32:54,863 - Train Epoch: 5 [3500/3750 (93%)]	Loss: 0.000018
2025-11-19 00:32:55,878 - Train Epoch: 5 [3600/3750 (96%)]	Loss: 0.012610
2025-11-19 00:32:56,896 - Train Epoch: 5 [3700/3750 (99%)]	Loss: 0.000031
2025-11-19 00:33:00,451 - 
🔴 [Test set] Average loss: 0.0343, Accuracy: 9900/10000 (99.00%)

2025-11-19 00:33:00,455 - 💾 Model Saved! (Accuracy improved: 99.00%)
2025-11-19 00:33:00,455 - ✨ Training Finished in 203.44s. Best Accuracy: 99.00%
2025-11-19 00:36:00,871 - 🚀 Start Final Training... Device: cuda, Batch Size: 16
2025-11-19 00:36:01,922 - Train Epoch: 1 [100/3750 (3%)]	Loss: 0.431391
2025-11-19 00:36:03,018 - Train Epoch: 1 [200/3750 (5%)]	Loss: 0.179231
2025-11-19 00:36:04,013 - Train Epoch: 1 [300/3750 (8%)]	Loss: 0.494378
2025-11-19 00:36:05,009 - Train Epoch: 1 [400/3750 (11%)]	Loss: 0.039944
2025-11-19 00:36:06,028 - Train Epoch: 1 [500/3750 (13%)]	Loss: 0.057517
