2025-11-14 14:27:00 [INFO] - --- 日志系统配置完毕 ---
2025-11-14 14:27:01 [INFO] - Using device: cuda
2025-11-14 14:27:09 [INFO] -  ---- 开始训练 ---- 
2025-11-14 14:27:09 [INFO] - Training data loaded: 60000 samples.
2025-11-14 14:38:12 [INFO] -  ---- 开始训练 ---- 
2025-11-14 14:38:12 [INFO] - Training data loaded: 60000 samples.
2025-11-14 14:38:13 [INFO] -   [训练] Epoch [1/5], Step [100/938], Loss: 0.5964
2025-11-14 14:38:13 [INFO] -   [训练] Epoch [1/5], Step [200/938], Loss: 0.6781
2025-11-14 14:38:14 [INFO] -   [训练] Epoch [1/5], Step [300/938], Loss: 0.2999
2025-11-14 14:38:15 [INFO] -   [训练] Epoch [1/5], Step [400/938], Loss: 0.0910
2025-11-14 14:38:15 [INFO] -   [训练] Epoch [1/5], Step [500/938], Loss: 0.2548
2025-11-14 14:38:16 [INFO] -   [训练] Epoch [1/5], Step [600/938], Loss: 0.5255
2025-11-14 14:38:17 [INFO] -   [训练] Epoch [1/5], Step [700/938], Loss: 0.2811
2025-11-14 14:38:17 [INFO] -   [训练] Epoch [1/5], Step [800/938], Loss: 0.2115
2025-11-14 14:38:18 [INFO] -   [训练] Epoch [1/5], Step [900/938], Loss: 0.3930
2025-11-14 14:38:19 [INFO] - *** Epoch 1 总结 ***
2025-11-14 14:38:19 [INFO] -   平均训练损失: 0.3977
2025-11-14 14:38:19 [INFO] -   平均验证损失: 0.2545
2025-11-14 14:38:19 [INFO] -   验证准确率: 92.22 %
2025-11-14 14:38:19 [INFO] - --------------------
2025-11-14 14:38:20 [INFO] -   [训练] Epoch [2/5], Step [100/938], Loss: 0.2082
2025-11-14 14:38:21 [INFO] -   [训练] Epoch [2/5], Step [200/938], Loss: 0.2159
2025-11-14 14:38:21 [INFO] -   [训练] Epoch [2/5], Step [300/938], Loss: 0.3949
2025-11-14 14:38:22 [INFO] -   [训练] Epoch [2/5], Step [400/938], Loss: 0.4149
2025-11-14 14:38:22 [INFO] -   [训练] Epoch [2/5], Step [500/938], Loss: 0.2641
2025-11-14 14:38:23 [INFO] -   [训练] Epoch [2/5], Step [600/938], Loss: 0.1755
2025-11-14 14:38:24 [INFO] -   [训练] Epoch [2/5], Step [700/938], Loss: 0.2427
2025-11-14 14:38:24 [INFO] -   [训练] Epoch [2/5], Step [800/938], Loss: 0.4283
2025-11-14 14:38:25 [INFO] -   [训练] Epoch [2/5], Step [900/938], Loss: 0.3622
2025-11-14 14:38:26 [INFO] - *** Epoch 2 总结 ***
2025-11-14 14:38:26 [INFO] -   平均训练损失: 0.2656
2025-11-14 14:38:26 [INFO] -   平均验证损失: 0.2457
2025-11-14 14:38:26 [INFO] -   验证准确率: 93.04 %
2025-11-14 14:38:26 [INFO] - --------------------
2025-11-14 14:38:27 [INFO] -   [训练] Epoch [3/5], Step [100/938], Loss: 0.1724
2025-11-14 14:38:27 [INFO] -   [训练] Epoch [3/5], Step [200/938], Loss: 0.1770
2025-11-14 14:38:28 [INFO] -   [训练] Epoch [3/5], Step [300/938], Loss: 0.0884
2025-11-14 14:38:29 [INFO] -   [训练] Epoch [3/5], Step [400/938], Loss: 0.3024
2025-11-14 14:38:29 [INFO] -   [训练] Epoch [3/5], Step [500/938], Loss: 0.2152
2025-11-14 14:38:30 [INFO] -   [训练] Epoch [3/5], Step [600/938], Loss: 0.2434
2025-11-14 14:38:30 [INFO] -   [训练] Epoch [3/5], Step [700/938], Loss: 0.1507
2025-11-14 14:38:31 [INFO] -   [训练] Epoch [3/5], Step [800/938], Loss: 0.2277
2025-11-14 14:38:32 [INFO] -   [训练] Epoch [3/5], Step [900/938], Loss: 0.3051
2025-11-14 14:38:33 [INFO] - *** Epoch 3 总结 ***
2025-11-14 14:38:33 [INFO] -   平均训练损失: 0.2468
2025-11-14 14:38:33 [INFO] -   平均验证损失: 0.2780
2025-11-14 14:38:33 [INFO] -   验证准确率: 91.98 %
2025-11-14 14:38:33 [INFO] - --------------------
2025-11-14 14:38:33 [INFO] -   [训练] Epoch [4/5], Step [100/938], Loss: 0.3112
2025-11-14 14:38:34 [INFO] -   [训练] Epoch [4/5], Step [200/938], Loss: 0.1545
2025-11-14 14:38:35 [INFO] -   [训练] Epoch [4/5], Step [300/938], Loss: 0.0897
2025-11-14 14:38:35 [INFO] -   [训练] Epoch [4/5], Step [400/938], Loss: 0.3840
2025-11-14 14:38:36 [INFO] -   [训练] Epoch [4/5], Step [500/938], Loss: 0.1480
2025-11-14 14:38:36 [INFO] -   [训练] Epoch [4/5], Step [600/938], Loss: 0.1251
2025-11-14 14:38:37 [INFO] -   [训练] Epoch [4/5], Step [700/938], Loss: 0.1367
2025-11-14 14:38:38 [INFO] -   [训练] Epoch [4/5], Step [800/938], Loss: 0.2635
2025-11-14 14:38:38 [INFO] -   [训练] Epoch [4/5], Step [900/938], Loss: 0.1069
2025-11-14 14:38:39 [INFO] - *** Epoch 4 总结 ***
2025-11-14 14:38:39 [INFO] -   平均训练损失: 0.2260
2025-11-14 14:38:39 [INFO] -   平均验证损失: 0.2616
2025-11-14 14:38:39 [INFO] -   验证准确率: 92.82 %
2025-11-14 14:38:39 [INFO] - --------------------
2025-11-14 14:38:40 [INFO] -   [训练] Epoch [5/5], Step [100/938], Loss: 0.3108
2025-11-14 14:38:40 [INFO] -   [训练] Epoch [5/5], Step [200/938], Loss: 0.2327
2025-11-14 14:38:41 [INFO] -   [训练] Epoch [5/5], Step [300/938], Loss: 0.1707
2025-11-14 14:38:41 [INFO] -   [训练] Epoch [5/5], Step [400/938], Loss: 0.3157
2025-11-14 14:38:42 [INFO] -   [训练] Epoch [5/5], Step [500/938], Loss: 0.3553
2025-11-14 14:38:42 [INFO] -   [训练] Epoch [5/5], Step [600/938], Loss: 0.1269
2025-11-14 14:38:43 [INFO] -   [训练] Epoch [5/5], Step [700/938], Loss: 0.1310
2025-11-14 14:38:43 [INFO] -   [训练] Epoch [5/5], Step [800/938], Loss: 0.0791
2025-11-14 14:38:44 [INFO] -   [训练] Epoch [5/5], Step [900/938], Loss: 0.1068
2025-11-14 14:38:44 [INFO] - *** Epoch 5 总结 ***
2025-11-14 14:38:44 [INFO] -   平均训练损失: 0.2224
2025-11-14 14:38:44 [INFO] -   平均验证损失: 0.1902
2025-11-14 14:38:44 [INFO] -   验证准确率: 94.72 %
2025-11-14 14:38:44 [INFO] - --------------------
2025-11-14 14:38:44 [INFO] - --- 训练完成 ---
2025-11-16 21:25:02 [INFO] - --- 日志系统配置完毕 ---
2025-11-16 21:25:08 [INFO] - Using device: cuda
2025-11-16 21:25:08 [INFO] -  ---- 开始训练 ---- 
2025-11-16 21:25:08 [INFO] - Training data loaded: 60000 samples.
2025-11-16 21:25:09 [INFO] -   [训练] Epoch [1/5], Step [100/938], Loss: 0.3228
2025-11-16 21:25:10 [INFO] -   [训练] Epoch [1/5], Step [200/938], Loss: 0.1158
2025-11-16 21:25:10 [INFO] -   [训练] Epoch [1/5], Step [300/938], Loss: 0.3327
2025-11-16 21:25:11 [INFO] -   [训练] Epoch [1/5], Step [400/938], Loss: 0.5648
2025-11-16 21:25:11 [INFO] -   [训练] Epoch [1/5], Step [500/938], Loss: 0.3908
2025-11-16 21:25:12 [INFO] -   [训练] Epoch [1/5], Step [600/938], Loss: 0.4201
2025-11-16 21:25:13 [INFO] -   [训练] Epoch [1/5], Step [700/938], Loss: 0.4236
2025-11-16 21:25:13 [INFO] -   [训练] Epoch [1/5], Step [800/938], Loss: 0.0448
2025-11-16 21:25:14 [INFO] -   [训练] Epoch [1/5], Step [900/938], Loss: 0.1444
2025-11-16 21:25:15 [INFO] - *** Epoch 1 总结 ***
2025-11-16 21:25:15 [INFO] -   平均训练损失: 0.3962
2025-11-16 21:25:15 [INFO] -   平均验证损失: 0.2394
2025-11-16 21:25:15 [INFO] -   验证准确率: 92.76 %
2025-11-16 21:25:15 [INFO] - --------------------
2025-11-16 21:25:15 [INFO] -   [训练] Epoch [2/5], Step [100/938], Loss: 0.3623
2025-11-16 21:25:16 [INFO] -   [训练] Epoch [2/5], Step [200/938], Loss: 0.2046
2025-11-16 21:25:16 [INFO] -   [训练] Epoch [2/5], Step [300/938], Loss: 0.2825
2025-11-16 21:25:17 [INFO] -   [训练] Epoch [2/5], Step [400/938], Loss: 0.1151
2025-11-16 21:25:17 [INFO] -   [训练] Epoch [2/5], Step [500/938], Loss: 0.3668
2025-11-16 21:25:18 [INFO] -   [训练] Epoch [2/5], Step [600/938], Loss: 0.2267
2025-11-16 21:25:18 [INFO] -   [训练] Epoch [2/5], Step [700/938], Loss: 0.5015
2025-11-16 21:25:19 [INFO] -   [训练] Epoch [2/5], Step [800/938], Loss: 0.2185
2025-11-16 21:25:20 [INFO] -   [训练] Epoch [2/5], Step [900/938], Loss: 0.2119
2025-11-16 21:25:20 [INFO] - *** Epoch 2 总结 ***
2025-11-16 21:25:20 [INFO] -   平均训练损失: 0.2500
2025-11-16 21:25:20 [INFO] -   平均验证损失: 0.2439
2025-11-16 21:25:20 [INFO] -   验证准确率: 92.95 %
2025-11-16 21:25:20 [INFO] - --------------------
2025-11-16 21:25:21 [INFO] -   [训练] Epoch [3/5], Step [100/938], Loss: 0.2900
2025-11-16 21:25:22 [INFO] -   [训练] Epoch [3/5], Step [200/938], Loss: 0.3839
2025-11-16 21:25:22 [INFO] -   [训练] Epoch [3/5], Step [300/938], Loss: 0.2538
2025-11-16 21:25:23 [INFO] -   [训练] Epoch [3/5], Step [400/938], Loss: 0.3694
2025-11-16 21:25:23 [INFO] -   [训练] Epoch [3/5], Step [500/938], Loss: 0.2090
2025-11-16 21:25:24 [INFO] -   [训练] Epoch [3/5], Step [600/938], Loss: 0.1934
2025-11-16 21:25:24 [INFO] -   [训练] Epoch [3/5], Step [700/938], Loss: 0.1209
2025-11-16 21:25:25 [INFO] -   [训练] Epoch [3/5], Step [800/938], Loss: 0.1341
2025-11-16 21:25:25 [INFO] -   [训练] Epoch [3/5], Step [900/938], Loss: 0.2085
2025-11-16 21:25:26 [INFO] - *** Epoch 3 总结 ***
2025-11-16 21:25:26 [INFO] -   平均训练损失: 0.2318
2025-11-16 21:25:26 [INFO] -   平均验证损失: 0.2956
2025-11-16 21:25:26 [INFO] -   验证准确率: 91.98 %
2025-11-16 21:25:26 [INFO] - --------------------
2025-11-16 21:25:27 [INFO] -   [训练] Epoch [4/5], Step [100/938], Loss: 0.1625
2025-11-16 21:25:27 [INFO] -   [训练] Epoch [4/5], Step [200/938], Loss: 0.6350
2025-11-16 21:25:28 [INFO] -   [训练] Epoch [4/5], Step [300/938], Loss: 0.3517
2025-11-16 21:25:28 [INFO] -   [训练] Epoch [4/5], Step [400/938], Loss: 0.3567
2025-11-16 21:25:29 [INFO] -   [训练] Epoch [4/5], Step [500/938], Loss: 0.1280
2025-11-16 21:25:29 [INFO] -   [训练] Epoch [4/5], Step [600/938], Loss: 0.1324
2025-11-16 21:25:30 [INFO] -   [训练] Epoch [4/5], Step [700/938], Loss: 0.1266
2025-11-16 21:25:30 [INFO] -   [训练] Epoch [4/5], Step [800/938], Loss: 0.0956
2025-11-16 21:25:31 [INFO] -   [训练] Epoch [4/5], Step [900/938], Loss: 0.1960
2025-11-16 21:25:32 [INFO] - *** Epoch 4 总结 ***
2025-11-16 21:25:32 [INFO] -   平均训练损失: 0.2324
2025-11-16 21:25:32 [INFO] -   平均验证损失: 0.2120
2025-11-16 21:25:32 [INFO] -   验证准确率: 93.90 %
2025-11-16 21:25:32 [INFO] - --------------------
2025-11-16 21:25:32 [INFO] -   [训练] Epoch [5/5], Step [100/938], Loss: 0.2039
2025-11-16 21:25:33 [INFO] -   [训练] Epoch [5/5], Step [200/938], Loss: 0.1742
2025-11-16 21:25:33 [INFO] -   [训练] Epoch [5/5], Step [300/938], Loss: 0.1672
2025-11-16 21:25:34 [INFO] -   [训练] Epoch [5/5], Step [400/938], Loss: 0.1591
2025-11-16 21:25:34 [INFO] -   [训练] Epoch [5/5], Step [500/938], Loss: 0.4201
2025-11-16 21:25:35 [INFO] -   [训练] Epoch [5/5], Step [600/938], Loss: 0.3274
2025-11-16 21:25:35 [INFO] -   [训练] Epoch [5/5], Step [700/938], Loss: 0.1108
2025-11-16 21:25:36 [INFO] -   [训练] Epoch [5/5], Step [800/938], Loss: 0.1852
2025-11-16 21:25:36 [INFO] -   [训练] Epoch [5/5], Step [900/938], Loss: 0.0985
2025-11-16 21:25:37 [INFO] - *** Epoch 5 总结 ***
2025-11-16 21:25:37 [INFO] -   平均训练损失: 0.2200
2025-11-16 21:25:37 [INFO] -   平均验证损失: 0.2279
2025-11-16 21:25:37 [INFO] -   验证准确率: 93.76 %
2025-11-16 21:25:37 [INFO] - --------------------
2025-11-16 21:25:37 [INFO] - --- 训练完成 ---
2025-11-16 21:25:37 [INFO] - generated new fontManager
2025-11-16 21:30:27 [INFO] -  ---- 开始训练 ---- 
2025-11-16 21:30:27 [INFO] - Training data loaded: 60000 samples.
2025-11-16 21:30:28 [INFO] -   [训练] Epoch [1/5], Step [100/938], Loss: 0.1722
2025-11-16 21:30:29 [INFO] -   [训练] Epoch [1/5], Step [200/938], Loss: 0.2763
2025-11-16 21:30:29 [INFO] -   [训练] Epoch [1/5], Step [300/938], Loss: 0.6218
2025-11-16 21:30:30 [INFO] -   [训练] Epoch [1/5], Step [400/938], Loss: 0.2038
2025-11-16 21:30:31 [INFO] -   [训练] Epoch [1/5], Step [500/938], Loss: 0.2983
2025-11-16 21:30:31 [INFO] -   [训练] Epoch [1/5], Step [600/938], Loss: 0.1552
2025-11-16 21:30:32 [INFO] -   [训练] Epoch [1/5], Step [700/938], Loss: 0.1248
2025-11-16 21:30:33 [INFO] -   [训练] Epoch [1/5], Step [800/938], Loss: 0.1325
2025-11-16 21:30:33 [INFO] -   [训练] Epoch [1/5], Step [900/938], Loss: 0.0418
2025-11-16 21:30:34 [INFO] - *** Epoch 1 总结 ***
2025-11-16 21:30:34 [INFO] -   平均训练损失: 0.2131
2025-11-16 21:30:34 [INFO] -   平均验证损失: 0.2453
2025-11-16 21:30:34 [INFO] -   验证准确率: 93.24 %
2025-11-16 21:30:34 [INFO] -   模型已保存，新的最佳准确率: best_model.pth %
2025-11-16 21:30:34 [INFO] - --------------------
2025-11-16 21:30:35 [INFO] -   [训练] Epoch [2/5], Step [100/938], Loss: 0.2848
2025-11-16 21:30:36 [INFO] -   [训练] Epoch [2/5], Step [200/938], Loss: 0.2474
2025-11-16 21:30:37 [INFO] -   [训练] Epoch [2/5], Step [300/938], Loss: 0.2096
2025-11-16 21:30:37 [INFO] -   [训练] Epoch [2/5], Step [400/938], Loss: 0.4681
2025-11-16 21:30:38 [INFO] -   [训练] Epoch [2/5], Step [500/938], Loss: 0.1246
2025-11-16 21:30:39 [INFO] -   [训练] Epoch [2/5], Step [600/938], Loss: 0.1134
2025-11-16 21:30:39 [INFO] -   [训练] Epoch [2/5], Step [700/938], Loss: 0.4262
2025-11-16 21:30:40 [INFO] -   [训练] Epoch [2/5], Step [800/938], Loss: 0.1492
2025-11-16 21:30:41 [INFO] -   [训练] Epoch [2/5], Step [900/938], Loss: 0.1433
2025-11-16 21:30:42 [INFO] - *** Epoch 2 总结 ***
2025-11-16 21:30:42 [INFO] -   平均训练损失: 0.2189
2025-11-16 21:30:42 [INFO] -   平均验证损失: 0.2078
2025-11-16 21:30:42 [INFO] -   验证准确率: 94.48 %
2025-11-16 21:30:42 [INFO] -   模型已保存，新的最佳准确率: best_model.pth %
2025-11-16 21:30:42 [INFO] - --------------------
2025-11-16 21:30:42 [INFO] -   [训练] Epoch [3/5], Step [100/938], Loss: 0.0085
2025-11-16 21:30:43 [INFO] -   [训练] Epoch [3/5], Step [200/938], Loss: 0.2455
2025-11-16 21:30:44 [INFO] -   [训练] Epoch [3/5], Step [300/938], Loss: 0.0532
2025-11-16 21:30:44 [INFO] -   [训练] Epoch [3/5], Step [400/938], Loss: 0.0605
2025-11-16 21:30:45 [INFO] -   [训练] Epoch [3/5], Step [500/938], Loss: 0.1893
2025-11-16 21:30:45 [INFO] -   [训练] Epoch [3/5], Step [600/938], Loss: 0.2391
2025-11-16 21:30:46 [INFO] -   [训练] Epoch [3/5], Step [700/938], Loss: 0.2531
2025-11-16 21:30:47 [INFO] -   [训练] Epoch [3/5], Step [800/938], Loss: 0.2042
2025-11-16 21:30:47 [INFO] -   [训练] Epoch [3/5], Step [900/938], Loss: 0.0662
2025-11-16 21:30:48 [INFO] - *** Epoch 3 总结 ***
2025-11-16 21:30:48 [INFO] -   平均训练损失: 0.1951
2025-11-16 21:30:48 [INFO] -   平均验证损失: 0.2192
2025-11-16 21:30:48 [INFO] -   验证准确率: 94.30 %
2025-11-16 21:30:48 [INFO] - --------------------
2025-11-16 21:30:49 [INFO] -   [训练] Epoch [4/5], Step [100/938], Loss: 0.1606
2025-11-16 21:30:50 [INFO] -   [训练] Epoch [4/5], Step [200/938], Loss: 0.3528
2025-11-16 21:30:50 [INFO] -   [训练] Epoch [4/5], Step [300/938], Loss: 0.3811
2025-11-16 21:30:51 [INFO] -   [训练] Epoch [4/5], Step [400/938], Loss: 0.4993
2025-11-16 21:30:52 [INFO] -   [训练] Epoch [4/5], Step [500/938], Loss: 0.1838
2025-11-16 21:30:52 [INFO] -   [训练] Epoch [4/5], Step [600/938], Loss: 0.2402
2025-11-16 21:30:53 [INFO] -   [训练] Epoch [4/5], Step [700/938], Loss: 0.0828
2025-11-16 21:30:53 [INFO] -   [训练] Epoch [4/5], Step [800/938], Loss: 0.2251
2025-11-16 21:30:54 [INFO] -   [训练] Epoch [4/5], Step [900/938], Loss: 0.0654
2025-11-16 21:30:55 [INFO] - *** Epoch 4 总结 ***
2025-11-16 21:30:55 [INFO] -   平均训练损失: 0.2048
2025-11-16 21:30:55 [INFO] -   平均验证损失: 0.2153
2025-11-16 21:30:55 [INFO] -   验证准确率: 94.19 %
2025-11-16 21:30:55 [INFO] - --------------------
2025-11-16 21:30:55 [INFO] -   [训练] Epoch [5/5], Step [100/938], Loss: 0.3194
2025-11-16 21:30:56 [INFO] -   [训练] Epoch [5/5], Step [200/938], Loss: 0.0803
2025-11-16 21:30:57 [INFO] -   [训练] Epoch [5/5], Step [300/938], Loss: 0.2439
2025-11-16 21:30:57 [INFO] -   [训练] Epoch [5/5], Step [400/938], Loss: 0.2004
2025-11-16 21:30:58 [INFO] -   [训练] Epoch [5/5], Step [500/938], Loss: 0.0984
2025-11-16 21:30:58 [INFO] -   [训练] Epoch [5/5], Step [600/938], Loss: 0.2687
2025-11-16 21:30:59 [INFO] -   [训练] Epoch [5/5], Step [700/938], Loss: 0.0755
2025-11-16 21:30:59 [INFO] -   [训练] Epoch [5/5], Step [800/938], Loss: 0.1352
2025-11-16 21:31:00 [INFO] -   [训练] Epoch [5/5], Step [900/938], Loss: 0.2233
2025-11-16 21:31:01 [INFO] - *** Epoch 5 总结 ***
2025-11-16 21:31:01 [INFO] -   平均训练损失: 0.1895
2025-11-16 21:31:01 [INFO] -   平均验证损失: 0.2154
2025-11-16 21:31:01 [INFO] -   验证准确率: 94.64 %
2025-11-16 21:31:01 [INFO] -   模型已保存，新的最佳准确率: best_model.pth %
2025-11-16 21:31:01 [INFO] - --------------------
2025-11-16 21:31:01 [INFO] - --- 训练完成 ---
2025-11-16 21:31:01 [INFO] - 最佳模型保存在: best_model.pth (准确率: 94.64%)
