2025-11-21 10:20:17,606 - 🚀 Start Final Training... Device: cuda, Batch Size: 16
2025-11-21 10:20:18,587 - Train Epoch: 1 [100/3750 (3%)]	Loss: 1.145281
2025-11-21 10:20:19,419 - Train Epoch: 1 [200/3750 (5%)]	Loss: 0.630326
2025-11-21 10:20:20,228 - Train Epoch: 1 [300/3750 (8%)]	Loss: 0.248166
2025-11-21 10:20:21,080 - Train Epoch: 1 [400/3750 (11%)]	Loss: 0.028292
2025-11-21 10:20:22,047 - Train Epoch: 1 [500/3750 (13%)]	Loss: 0.019177
2025-11-21 10:20:22,985 - Train Epoch: 1 [600/3750 (16%)]	Loss: 0.092303
2025-11-21 10:20:23,824 - Train Epoch: 1 [700/3750 (19%)]	Loss: 0.105676
2025-11-21 10:20:24,651 - Train Epoch: 1 [800/3750 (21%)]	Loss: 0.001648
2025-11-21 10:20:25,506 - Train Epoch: 1 [900/3750 (24%)]	Loss: 0.132364
2025-11-21 10:20:26,445 - Train Epoch: 1 [1000/3750 (27%)]	Loss: 0.073346
2025-11-21 10:20:27,377 - Train Epoch: 1 [1100/3750 (29%)]	Loss: 0.341852
2025-11-21 10:20:28,224 - Train Epoch: 1 [1200/3750 (32%)]	Loss: 0.011722
2025-11-21 10:20:28,993 - Train Epoch: 1 [1300/3750 (35%)]	Loss: 0.002088
2025-11-21 10:20:29,787 - Train Epoch: 1 [1400/3750 (37%)]	Loss: 0.116240
2025-11-21 10:20:30,537 - Train Epoch: 1 [1500/3750 (40%)]	Loss: 0.064041
2025-11-21 10:20:31,286 - Train Epoch: 1 [1600/3750 (43%)]	Loss: 0.685352
2025-11-21 10:20:32,089 - Train Epoch: 1 [1700/3750 (45%)]	Loss: 0.041600
2025-11-21 10:20:32,850 - Train Epoch: 1 [1800/3750 (48%)]	Loss: 0.090661
2025-11-21 10:20:33,631 - Train Epoch: 1 [1900/3750 (51%)]	Loss: 0.004014
2025-11-21 10:20:34,422 - Train Epoch: 1 [2000/3750 (53%)]	Loss: 0.005588
2025-11-21 10:20:35,212 - Train Epoch: 1 [2100/3750 (56%)]	Loss: 0.013465
2025-11-21 10:20:36,046 - Train Epoch: 1 [2200/3750 (59%)]	Loss: 0.004464
2025-11-21 10:20:36,870 - Train Epoch: 1 [2300/3750 (61%)]	Loss: 0.002918
2025-11-21 10:20:37,641 - Train Epoch: 1 [2400/3750 (64%)]	Loss: 0.000433
2025-11-21 10:20:38,452 - Train Epoch: 1 [2500/3750 (67%)]	Loss: 0.001720
2025-11-21 10:20:39,254 - Train Epoch: 1 [2600/3750 (69%)]	Loss: 0.053654
2025-11-21 10:20:40,156 - Train Epoch: 1 [2700/3750 (72%)]	Loss: 0.026089
2025-11-21 10:20:41,216 - Train Epoch: 1 [2800/3750 (75%)]	Loss: 0.027518
2025-11-21 10:20:42,166 - Train Epoch: 1 [2900/3750 (77%)]	Loss: 0.001712
2025-11-21 10:20:43,007 - Train Epoch: 1 [3000/3750 (80%)]	Loss: 0.000643
2025-11-21 10:20:43,789 - Train Epoch: 1 [3100/3750 (83%)]	Loss: 0.011346
2025-11-21 10:20:44,635 - Train Epoch: 1 [3200/3750 (85%)]	Loss: 0.038088
2025-11-21 10:20:45,590 - Train Epoch: 1 [3300/3750 (88%)]	Loss: 0.039266
2025-11-21 10:20:46,557 - Train Epoch: 1 [3400/3750 (91%)]	Loss: 0.050646
2025-11-21 10:20:47,468 - Train Epoch: 1 [3500/3750 (93%)]	Loss: 0.001719
2025-11-21 10:20:48,262 - Train Epoch: 1 [3600/3750 (96%)]	Loss: 0.003642
2025-11-21 10:20:49,125 - Train Epoch: 1 [3700/3750 (99%)]	Loss: 0.063376
2025-11-21 10:20:52,551 - 
🔴 [Test set] Average loss: 0.0400, Accuracy: 9860/10000 (98.60%)

2025-11-21 10:20:52,559 - 💾 Model Saved! (Accuracy improved: 98.60%)
2025-11-21 10:20:53,554 - Train Epoch: 2 [100/3750 (3%)]	Loss: 0.003097
2025-11-21 10:20:54,531 - Train Epoch: 2 [200/3750 (5%)]	Loss: 0.087169
2025-11-21 10:20:55,347 - Train Epoch: 2 [300/3750 (8%)]	Loss: 0.047244
2025-11-21 10:20:56,176 - Train Epoch: 2 [400/3750 (11%)]	Loss: 0.008051
2025-11-21 10:20:57,107 - Train Epoch: 2 [500/3750 (13%)]	Loss: 0.032099
2025-11-21 10:20:58,029 - Train Epoch: 2 [600/3750 (16%)]	Loss: 0.009395
2025-11-21 10:20:58,932 - Train Epoch: 2 [700/3750 (19%)]	Loss: 0.000380
2025-11-21 10:20:59,701 - Train Epoch: 2 [800/3750 (21%)]	Loss: 0.205710
2025-11-21 10:21:00,479 - Train Epoch: 2 [900/3750 (24%)]	Loss: 0.035096
2025-11-21 10:21:01,395 - Train Epoch: 2 [1000/3750 (27%)]	Loss: 0.004662
2025-11-21 10:21:02,365 - Train Epoch: 2 [1100/3750 (29%)]	Loss: 0.022885
2025-11-21 10:21:03,346 - Train Epoch: 2 [1200/3750 (32%)]	Loss: 0.001388
2025-11-21 10:21:04,318 - Train Epoch: 2 [1300/3750 (35%)]	Loss: 0.006053
2025-11-21 10:21:05,267 - Train Epoch: 2 [1400/3750 (37%)]	Loss: 0.050007
2025-11-21 10:21:06,209 - Train Epoch: 2 [1500/3750 (40%)]	Loss: 0.081828
2025-11-21 10:21:07,164 - Train Epoch: 2 [1600/3750 (43%)]	Loss: 0.095614
2025-11-21 10:21:08,047 - Train Epoch: 2 [1700/3750 (45%)]	Loss: 0.001232
2025-11-21 10:21:08,813 - Train Epoch: 2 [1800/3750 (48%)]	Loss: 0.001050
2025-11-21 10:21:09,597 - Train Epoch: 2 [1900/3750 (51%)]	Loss: 0.008072
2025-11-21 10:21:10,519 - Train Epoch: 2 [2000/3750 (53%)]	Loss: 1.060085
2025-11-21 10:21:11,369 - Train Epoch: 2 [2100/3750 (56%)]	Loss: 0.024441
2025-11-21 10:21:12,196 - Train Epoch: 2 [2200/3750 (59%)]	Loss: 0.000272
2025-11-21 10:21:13,092 - Train Epoch: 2 [2300/3750 (61%)]	Loss: 0.088817
2025-11-21 10:21:14,031 - Train Epoch: 2 [2400/3750 (64%)]	Loss: 0.028713
2025-11-21 10:21:14,800 - Train Epoch: 2 [2500/3750 (67%)]	Loss: 0.003760
2025-11-21 10:21:15,585 - Train Epoch: 2 [2600/3750 (69%)]	Loss: 0.000340
2025-11-21 10:21:16,496 - Train Epoch: 2 [2700/3750 (72%)]	Loss: 0.299691
2025-11-21 10:21:17,382 - Train Epoch: 2 [2800/3750 (75%)]	Loss: 0.042116
2025-11-21 10:21:18,152 - Train Epoch: 2 [2900/3750 (77%)]	Loss: 0.000158
2025-11-21 10:21:18,931 - Train Epoch: 2 [3000/3750 (80%)]	Loss: 0.359736
2025-11-21 10:21:19,753 - Train Epoch: 2 [3100/3750 (83%)]	Loss: 0.001875
2025-11-21 10:21:20,505 - Train Epoch: 2 [3200/3750 (85%)]	Loss: 0.004896
2025-11-21 10:21:21,264 - Train Epoch: 2 [3300/3750 (88%)]	Loss: 0.000943
2025-11-21 10:21:22,044 - Train Epoch: 2 [3400/3750 (91%)]	Loss: 0.233660
2025-11-21 10:21:22,811 - Train Epoch: 2 [3500/3750 (93%)]	Loss: 0.000473
2025-11-21 10:21:23,592 - Train Epoch: 2 [3600/3750 (96%)]	Loss: 0.360280
2025-11-21 10:21:24,332 - Train Epoch: 2 [3700/3750 (99%)]	Loss: 0.001100
2025-11-21 10:21:27,314 - 
🔴 [Test set] Average loss: 0.0293, Accuracy: 9901/10000 (99.01%)

2025-11-21 10:21:27,318 - 💾 Model Saved! (Accuracy improved: 99.01%)
2025-11-21 10:21:28,235 - Train Epoch: 3 [100/3750 (3%)]	Loss: 0.062539
2025-11-21 10:21:29,057 - Train Epoch: 3 [200/3750 (5%)]	Loss: 0.033182
2025-11-21 10:21:29,806 - Train Epoch: 3 [300/3750 (8%)]	Loss: 0.131160
2025-11-21 10:21:30,568 - Train Epoch: 3 [400/3750 (11%)]	Loss: 0.001368
2025-11-21 10:21:31,387 - Train Epoch: 3 [500/3750 (13%)]	Loss: 0.000228
2025-11-21 10:21:32,170 - Train Epoch: 3 [600/3750 (16%)]	Loss: 0.000399
2025-11-21 10:21:32,941 - Train Epoch: 3 [700/3750 (19%)]	Loss: 0.024788
2025-11-21 10:21:33,687 - Train Epoch: 3 [800/3750 (21%)]	Loss: 0.000062
2025-11-21 10:21:34,439 - Train Epoch: 3 [900/3750 (24%)]	Loss: 0.146725
2025-11-21 10:21:35,241 - Train Epoch: 3 [1000/3750 (27%)]	Loss: 0.007712
2025-11-21 10:21:36,001 - Train Epoch: 3 [1100/3750 (29%)]	Loss: 0.045985
2025-11-21 10:21:36,756 - Train Epoch: 3 [1200/3750 (32%)]	Loss: 0.003310
2025-11-21 10:21:37,496 - Train Epoch: 3 [1300/3750 (35%)]	Loss: 0.000498
2025-11-21 10:21:38,237 - Train Epoch: 3 [1400/3750 (37%)]	Loss: 0.004477
2025-11-21 10:21:39,016 - Train Epoch: 3 [1500/3750 (40%)]	Loss: 0.000124
2025-11-21 10:21:39,748 - Train Epoch: 3 [1600/3750 (43%)]	Loss: 0.003375
2025-11-21 10:21:40,493 - Train Epoch: 3 [1700/3750 (45%)]	Loss: 0.000122
2025-11-21 10:21:41,260 - Train Epoch: 3 [1800/3750 (48%)]	Loss: 0.012286
2025-11-21 10:21:41,999 - Train Epoch: 3 [1900/3750 (51%)]	Loss: 0.000223
2025-11-21 10:21:42,768 - Train Epoch: 3 [2000/3750 (53%)]	Loss: 0.000022
2025-11-21 10:21:43,515 - Train Epoch: 3 [2100/3750 (56%)]	Loss: 0.000263
2025-11-21 10:21:44,256 - Train Epoch: 3 [2200/3750 (59%)]	Loss: 0.029968
2025-11-21 10:21:45,069 - Train Epoch: 3 [2300/3750 (61%)]	Loss: 0.032158
2025-11-21 10:21:45,870 - Train Epoch: 3 [2400/3750 (64%)]	Loss: 0.000381
2025-11-21 10:21:46,638 - Train Epoch: 3 [2500/3750 (67%)]	Loss: 0.014424
2025-11-21 10:21:47,527 - Train Epoch: 3 [2600/3750 (69%)]	Loss: 0.001990
2025-11-21 10:21:48,291 - Train Epoch: 3 [2700/3750 (72%)]	Loss: 0.003828
2025-11-21 10:21:49,123 - Train Epoch: 3 [2800/3750 (75%)]	Loss: 0.000197
2025-11-21 10:21:50,005 - Train Epoch: 3 [2900/3750 (77%)]	Loss: 0.137561
2025-11-21 10:21:50,810 - Train Epoch: 3 [3000/3750 (80%)]	Loss: 0.000183
2025-11-21 10:21:51,570 - Train Epoch: 3 [3100/3750 (83%)]	Loss: 0.054043
2025-11-21 10:21:52,375 - Train Epoch: 3 [3200/3750 (85%)]	Loss: 0.003247
2025-11-21 10:21:53,217 - Train Epoch: 3 [3300/3750 (88%)]	Loss: 0.095148
2025-11-21 10:21:54,089 - Train Epoch: 3 [3400/3750 (91%)]	Loss: 0.000339
2025-11-21 10:21:54,923 - Train Epoch: 3 [3500/3750 (93%)]	Loss: 0.001814
2025-11-21 10:21:55,744 - Train Epoch: 3 [3600/3750 (96%)]	Loss: 0.036444
2025-11-21 10:21:56,608 - Train Epoch: 3 [3700/3750 (99%)]	Loss: 0.221390
2025-11-21 10:22:00,134 - 
🔴 [Test set] Average loss: 0.0254, Accuracy: 9913/10000 (99.13%)

2025-11-21 10:22:00,138 - 💾 Model Saved! (Accuracy improved: 99.13%)
2025-11-21 10:22:01,402 - Train Epoch: 4 [100/3750 (3%)]	Loss: 0.001439
2025-11-21 10:22:02,497 - Train Epoch: 4 [200/3750 (5%)]	Loss: 0.003799
2025-11-21 10:22:03,528 - Train Epoch: 4 [300/3750 (8%)]	Loss: 0.000263
2025-11-21 10:22:04,519 - Train Epoch: 4 [400/3750 (11%)]	Loss: 0.000184
2025-11-21 10:22:05,546 - Train Epoch: 4 [500/3750 (13%)]	Loss: 0.000390
2025-11-21 10:22:06,514 - Train Epoch: 4 [600/3750 (16%)]	Loss: 0.003167
2025-11-21 10:22:07,511 - Train Epoch: 4 [700/3750 (19%)]	Loss: 0.121786
2025-11-21 10:22:08,363 - Train Epoch: 4 [800/3750 (21%)]	Loss: 0.012593
2025-11-21 10:22:09,195 - Train Epoch: 4 [900/3750 (24%)]	Loss: 0.000610
2025-11-21 10:22:10,065 - Train Epoch: 4 [1000/3750 (27%)]	Loss: 0.002896
2025-11-21 10:22:11,093 - Train Epoch: 4 [1100/3750 (29%)]	Loss: 0.036051
2025-11-21 10:22:12,037 - Train Epoch: 4 [1200/3750 (32%)]	Loss: 0.075489
2025-11-21 10:22:12,957 - Train Epoch: 4 [1300/3750 (35%)]	Loss: 0.023053
2025-11-21 10:22:13,913 - Train Epoch: 4 [1400/3750 (37%)]	Loss: 0.003233
2025-11-21 10:22:14,893 - Train Epoch: 4 [1500/3750 (40%)]	Loss: 0.000058
2025-11-21 10:22:15,896 - Train Epoch: 4 [1600/3750 (43%)]	Loss: 0.011678
2025-11-21 10:22:16,820 - Train Epoch: 4 [1700/3750 (45%)]	Loss: 0.001593
2025-11-21 10:22:17,722 - Train Epoch: 4 [1800/3750 (48%)]	Loss: 0.001061
2025-11-21 10:22:18,669 - Train Epoch: 4 [1900/3750 (51%)]	Loss: 0.000117
2025-11-21 10:22:19,537 - Train Epoch: 4 [2000/3750 (53%)]	Loss: 0.000181
2025-11-21 10:22:20,497 - Train Epoch: 4 [2100/3750 (56%)]	Loss: 0.045682
2025-11-21 10:22:21,478 - Train Epoch: 4 [2200/3750 (59%)]	Loss: 0.001409
2025-11-21 10:22:22,470 - Train Epoch: 4 [2300/3750 (61%)]	Loss: 0.000018
2025-11-21 10:22:23,468 - Train Epoch: 4 [2400/3750 (64%)]	Loss: 0.000431
2025-11-21 10:22:24,441 - Train Epoch: 4 [2500/3750 (67%)]	Loss: 0.000222
2025-11-21 10:22:25,376 - Train Epoch: 4 [2600/3750 (69%)]	Loss: 0.035060
2025-11-21 10:22:26,164 - Train Epoch: 4 [2700/3750 (72%)]	Loss: 0.218143
2025-11-21 10:22:26,934 - Train Epoch: 4 [2800/3750 (75%)]	Loss: 0.036404
2025-11-21 10:22:27,805 - Train Epoch: 4 [2900/3750 (77%)]	Loss: 0.000377
2025-11-21 10:22:28,635 - Train Epoch: 4 [3000/3750 (80%)]	Loss: 0.001300
2025-11-21 10:22:29,398 - Train Epoch: 4 [3100/3750 (83%)]	Loss: 0.004726
2025-11-21 10:22:30,198 - Train Epoch: 4 [3200/3750 (85%)]	Loss: 0.407099
2025-11-21 10:22:31,012 - Train Epoch: 4 [3300/3750 (88%)]	Loss: 0.003612
2025-11-21 10:22:31,904 - Train Epoch: 4 [3400/3750 (91%)]	Loss: 0.000917
2025-11-21 10:22:32,759 - Train Epoch: 4 [3500/3750 (93%)]	Loss: 0.000362
2025-11-21 10:22:33,540 - Train Epoch: 4 [3600/3750 (96%)]	Loss: 0.000523
2025-11-21 10:22:34,315 - Train Epoch: 4 [3700/3750 (99%)]	Loss: 0.001089
2025-11-21 10:22:37,385 - 
🔴 [Test set] Average loss: 0.0317, Accuracy: 9906/10000 (99.06%)

2025-11-21 10:22:38,388 - Train Epoch: 5 [100/3750 (3%)]	Loss: 0.000353
2025-11-21 10:22:39,320 - Train Epoch: 5 [200/3750 (5%)]	Loss: 0.000834
2025-11-21 10:22:40,268 - Train Epoch: 5 [300/3750 (8%)]	Loss: 0.003772
2025-11-21 10:22:41,067 - Train Epoch: 5 [400/3750 (11%)]	Loss: 0.000491
2025-11-21 10:22:41,857 - Train Epoch: 5 [500/3750 (13%)]	Loss: 0.000018
2025-11-21 10:22:42,688 - Train Epoch: 5 [600/3750 (16%)]	Loss: 0.005812
2025-11-21 10:22:43,464 - Train Epoch: 5 [700/3750 (19%)]	Loss: 0.005535
2025-11-21 10:22:44,249 - Train Epoch: 5 [800/3750 (21%)]	Loss: 0.000167
2025-11-21 10:22:45,205 - Train Epoch: 5 [900/3750 (24%)]	Loss: 0.004158
2025-11-21 10:22:46,185 - Train Epoch: 5 [1000/3750 (27%)]	Loss: 0.000127
2025-11-21 10:22:47,098 - Train Epoch: 5 [1100/3750 (29%)]	Loss: 0.000007
2025-11-21 10:22:48,079 - Train Epoch: 5 [1200/3750 (32%)]	Loss: 0.000016
2025-11-21 10:22:48,916 - Train Epoch: 5 [1300/3750 (35%)]	Loss: 0.000043
2025-11-21 10:22:49,744 - Train Epoch: 5 [1400/3750 (37%)]	Loss: 0.015879
2025-11-21 10:22:50,624 - Train Epoch: 5 [1500/3750 (40%)]	Loss: 0.004878
2025-11-21 10:22:51,522 - Train Epoch: 5 [1600/3750 (43%)]	Loss: 0.009109
2025-11-21 10:22:52,296 - Train Epoch: 5 [1700/3750 (45%)]	Loss: 0.001927
2025-11-21 10:22:53,081 - Train Epoch: 5 [1800/3750 (48%)]	Loss: 0.000099
2025-11-21 10:22:53,931 - Train Epoch: 5 [1900/3750 (51%)]	Loss: 0.001336
2025-11-21 10:22:54,715 - Train Epoch: 5 [2000/3750 (53%)]	Loss: 0.000066
2025-11-21 10:22:55,491 - Train Epoch: 5 [2100/3750 (56%)]	Loss: 0.000020
2025-11-21 10:22:56,374 - Train Epoch: 5 [2200/3750 (59%)]	Loss: 0.001569
2025-11-21 10:22:57,157 - Train Epoch: 5 [2300/3750 (61%)]	Loss: 0.002875
2025-11-21 10:22:57,938 - Train Epoch: 5 [2400/3750 (64%)]	Loss: 0.000258
2025-11-21 10:22:58,819 - Train Epoch: 5 [2500/3750 (67%)]	Loss: 0.000567
2025-11-21 10:22:59,732 - Train Epoch: 5 [2600/3750 (69%)]	Loss: 0.000484
2025-11-21 10:23:00,533 - Train Epoch: 5 [2700/3750 (72%)]	Loss: 0.000005
2025-11-21 10:23:01,356 - Train Epoch: 5 [2800/3750 (75%)]	Loss: 0.000521
2025-11-21 10:23:02,229 - Train Epoch: 5 [2900/3750 (77%)]	Loss: 0.000580
2025-11-21 10:23:03,034 - Train Epoch: 5 [3000/3750 (80%)]	Loss: 0.000031
2025-11-21 10:23:03,830 - Train Epoch: 5 [3100/3750 (83%)]	Loss: 0.011414
2025-11-21 10:23:04,696 - Train Epoch: 5 [3200/3750 (85%)]	Loss: 0.001484
2025-11-21 10:23:05,618 - Train Epoch: 5 [3300/3750 (88%)]	Loss: 0.000004
2025-11-21 10:23:06,442 - Train Epoch: 5 [3400/3750 (91%)]	Loss: 0.000005
2025-11-21 10:23:07,252 - Train Epoch: 5 [3500/3750 (93%)]	Loss: 0.000017
2025-11-21 10:23:08,111 - Train Epoch: 5 [3600/3750 (96%)]	Loss: 0.000001
2025-11-21 10:23:09,025 - Train Epoch: 5 [3700/3750 (99%)]	Loss: 0.000575
2025-11-21 10:23:12,047 - 
🔴 [Test set] Average loss: 0.0423, Accuracy: 9883/10000 (98.83%)

2025-11-21 10:23:12,048 - ✨ Training Finished in 174.44s. Best Accuracy: 99.13%
n Epoch: 5 [3200/3750 (85%)]	Loss: 0.001484
2025-11-21 10:23:05,618 - Train Epoch: 5 [3300/3750 (88%)]	Loss: 0.000004
2025-11-21 10:23:06,442 - Train Epoch: 5 [3400/3750 (91%)]	Loss: 0.000005
2025-11-21 10:23:07,252 - Train Epoch: 5 [3500/3750 (93%)]	Loss: 0.000017
2025-11-21 10:23:08,111 - Train Epoch: 5 [3600/3750 (96%)]	Loss: 0.000001
2025-11-21 10:23:09,025 - Train Epoch: 5 [3700/3750 (99%)]	Loss: 0.000575
2025-11-21 10:23:12,047 - 
🔴 [Test set] Average loss: 0.0423, Accuracy: 9883/10000 (98.83%)

2025-11-21 10:23:12,048 - ✨ Training Finished in 174.44s. Best Accuracy: 99.13%
